#Start(1614263484482)

  We've found a bug for you!
  /Users/figo/Work/rescript-monorepo-test/src/Index.resi:1:22-34
  
  1 │ let default: unit => React.element
  
  The module or file React can't be found.
  - If it's a third-party dependency:
    - Did you list it in bsconfig.json?
    - Did you run `bsb` instead of `bsb -make-world`
      (latter builds third-parties)?
  - Did you include the file's directory in bsconfig.json?
  

  We've found a bug for you!
  /Users/figo/Work/rescript-monorepo-test/src/layouts/MainLayout.resi:2:23-35
  
  1 │ @react.component
  2 │ let make: (~children: React.element) => React.element
  
  The module or file React can't be found.
  - If it's a third-party dependency:
    - Did you list it in bsconfig.json?
    - Did you run `bsb` instead of `bsb -make-world`
      (latter builds third-parties)?
  - Did you include the file's directory in bsconfig.json?
  

  We've found a bug for you!
  /Users/figo/Work/rescript-monorepo-test/src/bindings/Next.res:65:16-28
  
  63 │     ~shallow: option<bool>=?,
  64 │     ~passHref: option<bool>=?,
  65 │     ~children: React.element,
  66 │   ) => React.element = "default"
  67 │ }
  
  The module or file React can't be found.
  - If it's a third-party dependency:
    - Did you list it in bsconfig.json?
    - Did you run `bsb` instead of `bsb -make-world`
      (latter builds third-parties)?
  - Did you include the file's directory in bsconfig.json?
  

  We've found a bug for you!
  /Users/figo/Work/rescript-monorepo-test/src/App.resi:2:23-35
  
  1 │ type props
  2 │ let default: props => React.element
  
  The module or file React can't be found.
  - If it's a third-party dependency:
    - Did you list it in bsconfig.json?
    - Did you run `bsb` instead of `bsb -make-world`
      (latter builds third-parties)?
  - Did you include the file's directory in bsconfig.json?
  
#Done(1614263484508)
